preprocessed_segment.py: 26 segmentation points found in "resources/preprocessed/Interpolated/2020-07-02_14.07.33_Belly.csv".
preprocessed_segment.py: 18 segmentation points found in "resources/preprocessed/Interpolated/2020-07-02_13.00.09_LeftArm.csv".
preprocessed_segment.py: 35 segmentation points found in "resources/preprocessed/Interpolated/Andre_Squats_13_10_2020_RightArm.csv".
preprocessed_segment.py: 52 segmentation points found in "resources/preprocessed/Interpolated/Andre_Squats2_13_10_2020_Chest.csv".
preprocessed_segment.py: 18 segmentation points found in "resources/preprocessed/Interpolated/Andre_liegestuetzen3_13_10_2020_Belly.csv".
preprocessed_segment.py: 25 segmentation points found in "resources/preprocessed/Interpolated/2020-07-02_11.17.39_RightArm.csv".
preprocessed_segment.py: 20 segmentation points found in "resources/preprocessed/Interpolated/Andre_liegestuetzen2_13_10_2020_Chest.csv".
preprocessed_segment.py: 27 segmentation points found in "resources/preprocessed/Interpolated/Andre_liegestuetzen1_13_10_2020_RightArm.csv".
preprocessed_segment.py: 16 segmentation points found in "resources/preprocessed/Interpolated/2020-07-02_14.20.28_Belly.csv".
preprocessed_segment.py: 16 segmentation points found in "resources/preprocessed/Interpolated/2020-07-02_13.00.09_RightArm.csv".
preprocessed_segment.py: 25 segmentation points found in "resources/preprocessed/Interpolated/Lukas_liegestuetzen1_13_10_2020_Chest.csv".
preprocessed_segment.py: 22 segmentation points found in "resources/preprocessed/Interpolated/2020-07-02_14.14.32_Belly.csv".
preprocessed_segment.py: 21 segmentation points found in "resources/preprocessed/Interpolated/2020-07-02_12.50.00_RightArm.csv".
preprocessed_segment.py: 13 segmentation points found in "resources/preprocessed/Interpolated/Jan_liegestuetzen3_13_10_2020_LeftArm.csv".
preprocessed_segment.py: 25 segmentation points found in "resources/preprocessed/Interpolated/Lukas_liegestuetzen1_13_10_2020_RightArm.csv".
preprocessed_segment.py: 16 segmentation points found in "resources/preprocessed/Interpolated/2020-07-02_14.20.28_Chest.csv".
preprocessed_segment.py: 20 segmentation points found in "resources/preprocessed/Interpolated/2020-07-02_12.50.00_LeftArm.csv".
preprocessed_segment.py: 27 segmentation points found in "resources/preprocessed/Interpolated/Andre_liegestuetzen1_13_10_2020_Chest.csv".
preprocessed_segment.py: 17 segmentation points found in "resources/preprocessed/Interpolated/2020-07-02_15.13.22_RightArm.csv".
preprocessed_segment.py: 27 segmentation points found in "resources/preprocessed/Interpolated/Andre_liegestuetzen1_13_10_2020_Belly.csv".
preprocessed_segment.py: 14 segmentation points found in "resources/preprocessed/Interpolated/Jan_liegestuetzen3_13_10_2020_Chest.csv".
preprocessed_segment.py: 24 segmentation points found in "resources/preprocessed/Interpolated/2020-07-02_14.07.33_RightArm.csv".
preprocessed_segment.py: 19 segmentation points found in "resources/preprocessed/Interpolated/Lukas_liegestuetzen2_13_10_2020_Chest.csv".
preprocessed_segment.py: 17 segmentation points found in "resources/preprocessed/Interpolated/2020-07-02_15.31.36_Belly.csv".
preprocessed_segment.py: 8 segmentation points found in "resources/preprocessed/Interpolated/Lukas_liegestuetzen3_13_10_2020_Belly.csv".
preprocessed_segment.py: 22 segmentation points found in "resources/preprocessed/Interpolated/2020-07-02_14.14.32_RightArm.csv".
preprocessed_segment.py: 12 segmentation points found in "resources/preprocessed/Interpolated/2020-07-02_14.59.59_Chest.csv".
preprocessed_segment.py: 19 segmentation points found in "resources/preprocessed/Interpolated/Lukas_liegestuetzen2_13_10_2020_Belly.csv".
preprocessed_segment.py: 9 segmentation points found in "resources/preprocessed/Interpolated/Lukas_liegestuetzen3_13_10_2020_Chest.csv".
preprocessed_segment.py: 52 segmentation points found in "resources/preprocessed/Interpolated/Andre_Squats2_13_10_2020_Belly.csv".
preprocessed_segment.py: 21 segmentation points found in "resources/preprocessed/Interpolated/2020-07-02_12.50.00_Belly.csv".
preprocessed_segment.py: 19 segmentation points found in "resources/preprocessed/Interpolated/Lukas_liegestuetzen2_13_10_2020_LeftArm.csv".
preprocessed_segment.py: 13 segmentation points found in "resources/preprocessed/Interpolated/Jan_liegestuetzen3_13_10_2020_Belly.csv".
preprocessed_segment.py: 20 segmentation points found in "resources/preprocessed/Interpolated/Andre_liegestuetzen2_13_10_2020_Belly.csv".
preprocessed_segment.py: 16 segmentation points found in "resources/preprocessed/Interpolated/2020-07-02_15.13.22_LeftArm.csv".
preprocessed_segment.py: 12 segmentation points found in "resources/preprocessed/Interpolated/2020-07-02_14.59.59_LeftArm.csv".
preprocessed_segment.py: 9 segmentation points found in "resources/preprocessed/Interpolated/Lukas_liegestuetzen3_13_10_2020_LeftArm.csv".
preprocessed_segment.py: 19 segmentation points found in "resources/preprocessed/Interpolated/2020-07-02_15.31.36_LeftArm.csv".
preprocessed_segment.py: 16 segmentation points found in "resources/preprocessed/Interpolated/2020-07-02_13.00.09_Belly.csv".
preprocessed_segment.py: 12 segmentation points found in "resources/preprocessed/Interpolated/2020-07-02_14.59.59_RightArm.csv".
preprocessed_segment.py: 18 segmentation points found in "resources/preprocessed/Interpolated/2020-07-02_15.31.36_Chest.csv".
preprocessed_segment.py: 25 segmentation points found in "resources/preprocessed/Interpolated/2020-07-02_11.17.39_LeftArm.csv".
preprocessed_segment.py: 18 segmentation points found in "resources/preprocessed/Interpolated/Jan_liegestuetzen2_13_10_2020_LeftArm.csv".
preprocessed_segment.py: 27 segmentation points found in "resources/preprocessed/Interpolated/Andre_liegestuetzen1_13_10_2020_LeftArm.csv".
preprocessed_segment.py: 18 segmentation points found in "resources/preprocessed/Interpolated/Andre_liegestuetzen3_13_10_2020_RightArm.csv".
preprocessed_segment.py: 16 segmentation points found in "resources/preprocessed/Interpolated/2020-07-02_13.00.09_Chest.csv".
preprocessed_segment.py: 20 segmentation points found in "resources/preprocessed/Interpolated/Andre_liegestuetzen2_13_10_2020_LeftArm.csv".
preprocessed_segment.py: 12 segmentation points found in "resources/preprocessed/Interpolated/2020-07-02_14.59.59_Belly.csv".
preprocessed_segment.py: 19 segmentation points found in "resources/preprocessed/Interpolated/Jan_liegestuetzen2_13_10_2020_Belly.csv".
preprocessed_segment.py: 13 segmentation points found in "resources/preprocessed/Interpolated/Jan_liegestuetzen3_13_10_2020_RightArm.csv".
preprocessed_segment.py: 17 segmentation points found in "resources/preprocessed/Interpolated/2020-07-02_15.13.22_Chest.csv".
preprocessed_segment.py: 19 segmentation points found in "resources/preprocessed/Interpolated/Lukas_liegestuetzen2_13_10_2020_RightArm.csv".
preprocessed_segment.py: 38 segmentation points found in "resources/preprocessed/Interpolated/Andre_Squats_13_10_2020_LeftArm.csv".
preprocessed_segment.py: 22 segmentation points found in "resources/preprocessed/Interpolated/2020-07-02_14.14.32_Chest.csv".
preprocessed_segment.py: 20 segmentation points found in "resources/preprocessed/Interpolated/Jan_liegestuetzen2_13_10_2020_Chest.csv".
preprocessed_segment.py: 26 segmentation points found in "resources/preprocessed/Interpolated/2020-07-02_11.17.39_Chest.csv".
preprocessed_segment.py: 19 segmentation points found in "resources/preprocessed/Interpolated/Jan_liegestuetzen2_13_10_2020_RightArm.csv".
preprocessed_segment.py: 26 segmentation points found in "resources/preprocessed/Interpolated/2020-07-02_14.07.33_Chest.csv".
preprocessed_segment.py: 23 segmentation points found in "resources/preprocessed/Interpolated/2020-07-02_14.07.33_LeftArm.csv".
preprocessed_segment.py: 9 segmentation points found in "resources/preprocessed/Interpolated/Lukas_liegestuetzen3_13_10_2020_RightArm.csv".
preprocessed_segment.py: 17 segmentation points found in "resources/preprocessed/Interpolated/2020-07-02_15.13.22_Belly.csv".
preprocessed_segment.py: 26 segmentation points found in "resources/preprocessed/Interpolated/Lukas_liegestuetzen1_13_10_2020_LeftArm.csv".
preprocessed_segment.py: 50 segmentation points found in "resources/preprocessed/Interpolated/Andre_Squats2_13_10_2020_LeftArm.csv".
preprocessed_segment.py: 17 segmentation points found in "resources/preprocessed/Interpolated/Andre_liegestuetzen3_13_10_2020_Chest.csv".
preprocessed_segment.py: 13 segmentation points found in "resources/preprocessed/Interpolated/2020-07-02_14.20.28_RightArm.csv".
preprocessed_segment.py: 21 segmentation points found in "resources/preprocessed/Interpolated/2020-07-02_12.50.00_Chest.csv".
preprocessed_segment.py: 17 segmentation points found in "resources/preprocessed/Interpolated/2020-07-02_15.31.36_RightArm.csv".
preprocessed_segment.py: 17 segmentation points found in "resources/preprocessed/Interpolated/Andre_liegestuetzen3_13_10_2020_LeftArm.csv".
preprocessed_segment.py: 33 segmentation points found in "resources/preprocessed/Interpolated/Andre_Squats_13_10_2020_Belly.csv".
preprocessed_segment.py: 33 segmentation points found in "resources/preprocessed/Interpolated/Andre_Squats_13_10_2020_Chest.csv".
preprocessed_segment.py: 22 segmentation points found in "resources/preprocessed/Interpolated/2020-07-02_14.14.32_LeftArm.csv".
preprocessed_segment.py: 25 segmentation points found in "resources/preprocessed/Interpolated/Lukas_liegestuetzen1_13_10_2020_Belly.csv".
preprocessed_segment.py: 50 segmentation points found in "resources/preprocessed/Interpolated/Andre_Squats2_13_10_2020_RightArm.csv".
preprocessed_segment.py: 26 segmentation points found in "resources/preprocessed/Interpolated/2020-07-02_11.17.39_Belly.csv".
preprocessed_segment.py: 20 segmentation points found in "resources/preprocessed/Interpolated/Andre_liegestuetzen2_13_10_2020_RightArm.csv".
preprocessed_segment.py: 14 segmentation points found in "resources/preprocessed/Interpolated/2020-07-02_14.20.28_LeftArm.csv".
preprocessed_segment.py: 17 segmentation points found in "resources/preprocessed/Interpolated-Revised/Jan_liegestuetzen1_13_10_2020_edited_LeftArm.csv".
preprocessed_segment.py: 18 segmentation points found in "resources/preprocessed/Interpolated-Revised/Jan_liegestuetzen1_13_10_2020_edited_RightArm.csv".
preprocessed_segment.py: 20 segmentation points found in "resources/preprocessed/Interpolated-Revised/Jan_liegestuetzen1_13_10_2020_edited_Chest.csv".
preprocessed_segment.py: 18 segmentation points found in "resources/preprocessed/Interpolated-Revised/Jan_liegestuetzen1_13_10_2020_edited_Belly.csv".
