preprocessed_segment.py: 63 segmentation points found in "resources/preprocessed/Interpolated/2020-07-02_14.07.33_Belly.csv".
preprocessed_segment.py: 146 segmentation points found in "resources/preprocessed/Interpolated/2020-07-02_13.00.09_LeftArm.csv".
preprocessed_segment.py: 196 segmentation points found in "resources/preprocessed/Interpolated/Andre_Squats_13_10_2020_RightArm.csv".
preprocessed_segment.py: 270 segmentation points found in "resources/preprocessed/Interpolated/Andre_Squats2_13_10_2020_Chest.csv".
preprocessed_segment.py: 57 segmentation points found in "resources/preprocessed/Interpolated/Andre_liegestuetzen3_13_10_2020_Belly.csv".
preprocessed_segment.py: 181 segmentation points found in "resources/preprocessed/Interpolated/2020-07-02_11.17.39_RightArm.csv".
preprocessed_segment.py: 60 segmentation points found in "resources/preprocessed/Interpolated/Andre_liegestuetzen2_13_10_2020_Chest.csv".
preprocessed_segment.py: 95 segmentation points found in "resources/preprocessed/Interpolated/Andre_liegestuetzen1_13_10_2020_RightArm.csv".
preprocessed_segment.py: 37 segmentation points found in "resources/preprocessed/Interpolated/2020-07-02_14.20.28_Belly.csv".
preprocessed_segment.py: 149 segmentation points found in "resources/preprocessed/Interpolated/2020-07-02_13.00.09_RightArm.csv".
preprocessed_segment.py: 79 segmentation points found in "resources/preprocessed/Interpolated/Lukas_liegestuetzen1_13_10_2020_Chest.csv".
preprocessed_segment.py: 54 segmentation points found in "resources/preprocessed/Interpolated/2020-07-02_14.14.32_Belly.csv".
preprocessed_segment.py: 212 segmentation points found in "resources/preprocessed/Interpolated/2020-07-02_12.50.00_RightArm.csv".
preprocessed_segment.py: 52 segmentation points found in "resources/preprocessed/Interpolated/Jan_liegestuetzen3_13_10_2020_LeftArm.csv".
preprocessed_segment.py: 91 segmentation points found in "resources/preprocessed/Interpolated/Lukas_liegestuetzen1_13_10_2020_RightArm.csv".
preprocessed_segment.py: 42 segmentation points found in "resources/preprocessed/Interpolated/2020-07-02_14.20.28_Chest.csv".
preprocessed_segment.py: 210 segmentation points found in "resources/preprocessed/Interpolated/2020-07-02_12.50.00_LeftArm.csv".
preprocessed_segment.py: 69 segmentation points found in "resources/preprocessed/Interpolated/Andre_liegestuetzen1_13_10_2020_Chest.csv".
preprocessed_segment.py: 155 segmentation points found in "resources/preprocessed/Interpolated/2020-07-02_15.13.22_RightArm.csv".
preprocessed_segment.py: 71 segmentation points found in "resources/preprocessed/Interpolated/Andre_liegestuetzen1_13_10_2020_Belly.csv".
preprocessed_segment.py: 51 segmentation points found in "resources/preprocessed/Interpolated/Jan_liegestuetzen3_13_10_2020_Chest.csv".
preprocessed_segment.py: 106 segmentation points found in "resources/preprocessed/Interpolated/2020-07-02_14.07.33_RightArm.csv".
preprocessed_segment.py: 67 segmentation points found in "resources/preprocessed/Interpolated/Lukas_liegestuetzen2_13_10_2020_Chest.csv".
preprocessed_segment.py: 141 segmentation points found in "resources/preprocessed/Interpolated/2020-07-02_15.31.36_Belly.csv".
preprocessed_segment.py: 32 segmentation points found in "resources/preprocessed/Interpolated/Lukas_liegestuetzen3_13_10_2020_Belly.csv".
preprocessed_segment.py: 91 segmentation points found in "resources/preprocessed/Interpolated/2020-07-02_14.14.32_RightArm.csv".
preprocessed_segment.py: 76 segmentation points found in "resources/preprocessed/Interpolated/2020-07-02_14.59.59_Chest.csv".
preprocessed_segment.py: 77 segmentation points found in "resources/preprocessed/Interpolated/Lukas_liegestuetzen2_13_10_2020_Belly.csv".
preprocessed_segment.py: 32 segmentation points found in "resources/preprocessed/Interpolated/Lukas_liegestuetzen3_13_10_2020_Chest.csv".
preprocessed_segment.py: 328 segmentation points found in "resources/preprocessed/Interpolated/Andre_Squats2_13_10_2020_Belly.csv".
preprocessed_segment.py: 120 segmentation points found in "resources/preprocessed/Interpolated/2020-07-02_12.50.00_Belly.csv".
preprocessed_segment.py: 82 segmentation points found in "resources/preprocessed/Interpolated/Lukas_liegestuetzen2_13_10_2020_LeftArm.csv".
preprocessed_segment.py: 52 segmentation points found in "resources/preprocessed/Interpolated/Jan_liegestuetzen3_13_10_2020_Belly.csv".
preprocessed_segment.py: 56 segmentation points found in "resources/preprocessed/Interpolated/Andre_liegestuetzen2_13_10_2020_Belly.csv".
preprocessed_segment.py: 166 segmentation points found in "resources/preprocessed/Interpolated/2020-07-02_15.13.22_LeftArm.csv".
preprocessed_segment.py: 95 segmentation points found in "resources/preprocessed/Interpolated/2020-07-02_14.59.59_LeftArm.csv".
preprocessed_segment.py: 51 segmentation points found in "resources/preprocessed/Interpolated/Lukas_liegestuetzen3_13_10_2020_LeftArm.csv".
preprocessed_segment.py: 157 segmentation points found in "resources/preprocessed/Interpolated/2020-07-02_15.31.36_LeftArm.csv".
preprocessed_segment.py: 75 segmentation points found in "resources/preprocessed/Interpolated/2020-07-02_13.00.09_Belly.csv".
preprocessed_segment.py: 94 segmentation points found in "resources/preprocessed/Interpolated/2020-07-02_14.59.59_RightArm.csv".
preprocessed_segment.py: 123 segmentation points found in "resources/preprocessed/Interpolated/2020-07-02_15.31.36_Chest.csv".
preprocessed_segment.py: 187 segmentation points found in "resources/preprocessed/Interpolated/2020-07-02_11.17.39_LeftArm.csv".
preprocessed_segment.py: 75 segmentation points found in "resources/preprocessed/Interpolated/Jan_liegestuetzen2_13_10_2020_LeftArm.csv".
preprocessed_segment.py: 89 segmentation points found in "resources/preprocessed/Interpolated/Andre_liegestuetzen1_13_10_2020_LeftArm.csv".
preprocessed_segment.py: 81 segmentation points found in "resources/preprocessed/Interpolated/Andre_liegestuetzen3_13_10_2020_RightArm.csv".
preprocessed_segment.py: 81 segmentation points found in "resources/preprocessed/Interpolated/2020-07-02_13.00.09_Chest.csv".
preprocessed_segment.py: 79 segmentation points found in "resources/preprocessed/Interpolated/Andre_liegestuetzen2_13_10_2020_LeftArm.csv".
preprocessed_segment.py: 91 segmentation points found in "resources/preprocessed/Interpolated/2020-07-02_14.59.59_Belly.csv".
preprocessed_segment.py: 72 segmentation points found in "resources/preprocessed/Interpolated/Jan_liegestuetzen2_13_10_2020_Belly.csv".
preprocessed_segment.py: 57 segmentation points found in "resources/preprocessed/Interpolated/Jan_liegestuetzen3_13_10_2020_RightArm.csv".
preprocessed_segment.py: 114 segmentation points found in "resources/preprocessed/Interpolated/2020-07-02_15.13.22_Chest.csv".
preprocessed_segment.py: 75 segmentation points found in "resources/preprocessed/Interpolated/Lukas_liegestuetzen2_13_10_2020_RightArm.csv".
preprocessed_segment.py: 193 segmentation points found in "resources/preprocessed/Interpolated/Andre_Squats_13_10_2020_LeftArm.csv".
preprocessed_segment.py: 53 segmentation points found in "resources/preprocessed/Interpolated/2020-07-02_14.14.32_Chest.csv".
preprocessed_segment.py: 72 segmentation points found in "resources/preprocessed/Interpolated/Jan_liegestuetzen2_13_10_2020_Chest.csv".
preprocessed_segment.py: 100 segmentation points found in "resources/preprocessed/Interpolated/2020-07-02_11.17.39_Chest.csv".
preprocessed_segment.py: 84 segmentation points found in "resources/preprocessed/Interpolated/Jan_liegestuetzen2_13_10_2020_RightArm.csv".
preprocessed_segment.py: 64 segmentation points found in "resources/preprocessed/Interpolated/2020-07-02_14.07.33_Chest.csv".
preprocessed_segment.py: 109 segmentation points found in "resources/preprocessed/Interpolated/2020-07-02_14.07.33_LeftArm.csv".
preprocessed_segment.py: 42 segmentation points found in "resources/preprocessed/Interpolated/Lukas_liegestuetzen3_13_10_2020_RightArm.csv".
preprocessed_segment.py: 134 segmentation points found in "resources/preprocessed/Interpolated/2020-07-02_15.13.22_Belly.csv".
preprocessed_segment.py: 110 segmentation points found in "resources/preprocessed/Interpolated/Lukas_liegestuetzen1_13_10_2020_LeftArm.csv".
preprocessed_segment.py: 386 segmentation points found in "resources/preprocessed/Interpolated/Andre_Squats2_13_10_2020_LeftArm.csv".
preprocessed_segment.py: 54 segmentation points found in "resources/preprocessed/Interpolated/Andre_liegestuetzen3_13_10_2020_Chest.csv".
preprocessed_segment.py: 79 segmentation points found in "resources/preprocessed/Interpolated/2020-07-02_14.20.28_RightArm.csv".
preprocessed_segment.py: 133 segmentation points found in "resources/preprocessed/Interpolated/2020-07-02_12.50.00_Chest.csv".
preprocessed_segment.py: 160 segmentation points found in "resources/preprocessed/Interpolated/2020-07-02_15.31.36_RightArm.csv".
preprocessed_segment.py: 77 segmentation points found in "resources/preprocessed/Interpolated/Andre_liegestuetzen3_13_10_2020_LeftArm.csv".
preprocessed_segment.py: 207 segmentation points found in "resources/preprocessed/Interpolated/Andre_Squats_13_10_2020_Belly.csv".
preprocessed_segment.py: 154 segmentation points found in "resources/preprocessed/Interpolated/Andre_Squats_13_10_2020_Chest.csv".
preprocessed_segment.py: 84 segmentation points found in "resources/preprocessed/Interpolated/2020-07-02_14.14.32_LeftArm.csv".
preprocessed_segment.py: 68 segmentation points found in "resources/preprocessed/Interpolated/Lukas_liegestuetzen1_13_10_2020_Belly.csv".
preprocessed_segment.py: 384 segmentation points found in "resources/preprocessed/Interpolated/Andre_Squats2_13_10_2020_RightArm.csv".
preprocessed_segment.py: 96 segmentation points found in "resources/preprocessed/Interpolated/2020-07-02_11.17.39_Belly.csv".
preprocessed_segment.py: 82 segmentation points found in "resources/preprocessed/Interpolated/Andre_liegestuetzen2_13_10_2020_RightArm.csv".
preprocessed_segment.py: 95 segmentation points found in "resources/preprocessed/Interpolated/2020-07-02_14.20.28_LeftArm.csv".
preprocessed_segment.py: 116 segmentation points found in "resources/preprocessed/Interpolated-Revised/Jan_liegestuetzen1_13_10_2020_edited_LeftArm.csv".
preprocessed_segment.py: 100 segmentation points found in "resources/preprocessed/Interpolated-Revised/Jan_liegestuetzen1_13_10_2020_edited_RightArm.csv".
preprocessed_segment.py: 96 segmentation points found in "resources/preprocessed/Interpolated-Revised/Jan_liegestuetzen1_13_10_2020_edited_Chest.csv".
preprocessed_segment.py: 107 segmentation points found in "resources/preprocessed/Interpolated-Revised/Jan_liegestuetzen1_13_10_2020_edited_Belly.csv".
