preprocessed_segment.py: 58 segmentation points found in "resources/preprocessed/Interpolated/2020-07-02_14.07.33_Belly.csv".
preprocessed_segment.py: 78 segmentation points found in "resources/preprocessed/Interpolated/2020-07-02_13.00.09_LeftArm.csv".
preprocessed_segment.py: 138 segmentation points found in "resources/preprocessed/Interpolated/Andre_Squats_13_10_2020_RightArm.csv".
preprocessed_segment.py: 201 segmentation points found in "resources/preprocessed/Interpolated/Andre_Squats2_13_10_2020_Chest.csv".
preprocessed_segment.py: 45 segmentation points found in "resources/preprocessed/Interpolated/Andre_liegestuetzen3_13_10_2020_Belly.csv".
preprocessed_segment.py: 99 segmentation points found in "resources/preprocessed/Interpolated/2020-07-02_11.17.39_RightArm.csv".
preprocessed_segment.py: 50 segmentation points found in "resources/preprocessed/Interpolated/Andre_liegestuetzen2_13_10_2020_Chest.csv".
preprocessed_segment.py: 65 segmentation points found in "resources/preprocessed/Interpolated/Andre_liegestuetzen1_13_10_2020_RightArm.csv".
preprocessed_segment.py: 37 segmentation points found in "resources/preprocessed/Interpolated/2020-07-02_14.20.28_Belly.csv".
preprocessed_segment.py: 73 segmentation points found in "resources/preprocessed/Interpolated/2020-07-02_13.00.09_RightArm.csv".
preprocessed_segment.py: 58 segmentation points found in "resources/preprocessed/Interpolated/Lukas_liegestuetzen1_13_10_2020_Chest.csv".
preprocessed_segment.py: 50 segmentation points found in "resources/preprocessed/Interpolated/2020-07-02_14.14.32_Belly.csv".
preprocessed_segment.py: 105 segmentation points found in "resources/preprocessed/Interpolated/2020-07-02_12.50.00_RightArm.csv".
preprocessed_segment.py: 39 segmentation points found in "resources/preprocessed/Interpolated/Jan_liegestuetzen3_13_10_2020_LeftArm.csv".
preprocessed_segment.py: 62 segmentation points found in "resources/preprocessed/Interpolated/Lukas_liegestuetzen1_13_10_2020_RightArm.csv".
preprocessed_segment.py: 38 segmentation points found in "resources/preprocessed/Interpolated/2020-07-02_14.20.28_Chest.csv".
preprocessed_segment.py: 102 segmentation points found in "resources/preprocessed/Interpolated/2020-07-02_12.50.00_LeftArm.csv".
preprocessed_segment.py: 61 segmentation points found in "resources/preprocessed/Interpolated/Andre_liegestuetzen1_13_10_2020_Chest.csv".
preprocessed_segment.py: 87 segmentation points found in "resources/preprocessed/Interpolated/2020-07-02_15.13.22_RightArm.csv".
preprocessed_segment.py: 66 segmentation points found in "resources/preprocessed/Interpolated/Andre_liegestuetzen1_13_10_2020_Belly.csv".
preprocessed_segment.py: 38 segmentation points found in "resources/preprocessed/Interpolated/Jan_liegestuetzen3_13_10_2020_Chest.csv".
preprocessed_segment.py: 73 segmentation points found in "resources/preprocessed/Interpolated/2020-07-02_14.07.33_RightArm.csv".
preprocessed_segment.py: 140 segmentation points found in "resources/preprocessed/Interpolated/Jan_liegestuetzen1_13_10_2020_RightArm.csv".
preprocessed_segment.py: 55 segmentation points found in "resources/preprocessed/Interpolated/Lukas_liegestuetzen2_13_10_2020_Chest.csv".
preprocessed_segment.py: 84 segmentation points found in "resources/preprocessed/Interpolated/2020-07-02_15.31.36_Belly.csv".
preprocessed_segment.py: 27 segmentation points found in "resources/preprocessed/Interpolated/Lukas_liegestuetzen3_13_10_2020_Belly.csv".
preprocessed_segment.py: 63 segmentation points found in "resources/preprocessed/Interpolated/2020-07-02_14.14.32_RightArm.csv".
preprocessed_segment.py: 135 segmentation points found in "resources/preprocessed/Interpolated/Jan_liegestuetzen1_13_10_2020_LeftArm.csv".
preprocessed_segment.py: 49 segmentation points found in "resources/preprocessed/Interpolated/2020-07-02_14.59.59_Chest.csv".
preprocessed_segment.py: 59 segmentation points found in "resources/preprocessed/Interpolated/Lukas_liegestuetzen2_13_10_2020_Belly.csv".
preprocessed_segment.py: 27 segmentation points found in "resources/preprocessed/Interpolated/Lukas_liegestuetzen3_13_10_2020_Chest.csv".
preprocessed_segment.py: 226 segmentation points found in "resources/preprocessed/Interpolated/Andre_Squats2_13_10_2020_Belly.csv".
preprocessed_segment.py: 77 segmentation points found in "resources/preprocessed/Interpolated/2020-07-02_12.50.00_Belly.csv".
preprocessed_segment.py: 58 segmentation points found in "resources/preprocessed/Interpolated/Lukas_liegestuetzen2_13_10_2020_LeftArm.csv".
preprocessed_segment.py: 40 segmentation points found in "resources/preprocessed/Interpolated/Jan_liegestuetzen3_13_10_2020_Belly.csv".
preprocessed_segment.py: 48 segmentation points found in "resources/preprocessed/Interpolated/Andre_liegestuetzen2_13_10_2020_Belly.csv".
preprocessed_segment.py: 92 segmentation points found in "resources/preprocessed/Interpolated/2020-07-02_15.13.22_LeftArm.csv".
preprocessed_segment.py: 54 segmentation points found in "resources/preprocessed/Interpolated/2020-07-02_14.59.59_LeftArm.csv".
preprocessed_segment.py: 103 segmentation points found in "resources/preprocessed/Interpolated/Jan_liegestuetzen1_13_10_2020_Chest.csv".
preprocessed_segment.py: 32 segmentation points found in "resources/preprocessed/Interpolated/Lukas_liegestuetzen3_13_10_2020_LeftArm.csv".
preprocessed_segment.py: 88 segmentation points found in "resources/preprocessed/Interpolated/2020-07-02_15.31.36_LeftArm.csv".
preprocessed_segment.py: 50 segmentation points found in "resources/preprocessed/Interpolated/2020-07-02_13.00.09_Belly.csv".
preprocessed_segment.py: 53 segmentation points found in "resources/preprocessed/Interpolated/2020-07-02_14.59.59_RightArm.csv".
preprocessed_segment.py: 75 segmentation points found in "resources/preprocessed/Interpolated/2020-07-02_15.31.36_Chest.csv".
preprocessed_segment.py: 97 segmentation points found in "resources/preprocessed/Interpolated/2020-07-02_11.17.39_LeftArm.csv".
preprocessed_segment.py: 59 segmentation points found in "resources/preprocessed/Interpolated/Jan_liegestuetzen2_13_10_2020_LeftArm.csv".
preprocessed_segment.py: 66 segmentation points found in "resources/preprocessed/Interpolated/Andre_liegestuetzen1_13_10_2020_LeftArm.csv".
preprocessed_segment.py: 52 segmentation points found in "resources/preprocessed/Interpolated/Andre_liegestuetzen3_13_10_2020_RightArm.csv".
preprocessed_segment.py: 51 segmentation points found in "resources/preprocessed/Interpolated/2020-07-02_13.00.09_Chest.csv".
preprocessed_segment.py: 52 segmentation points found in "resources/preprocessed/Interpolated/Andre_liegestuetzen2_13_10_2020_LeftArm.csv".
preprocessed_segment.py: 51 segmentation points found in "resources/preprocessed/Interpolated/2020-07-02_14.59.59_Belly.csv".
preprocessed_segment.py: 58 segmentation points found in "resources/preprocessed/Interpolated/Jan_liegestuetzen2_13_10_2020_Belly.csv".
preprocessed_segment.py: 39 segmentation points found in "resources/preprocessed/Interpolated/Jan_liegestuetzen3_13_10_2020_RightArm.csv".
preprocessed_segment.py: 78 segmentation points found in "resources/preprocessed/Interpolated/2020-07-02_15.13.22_Chest.csv".
preprocessed_segment.py: 55 segmentation points found in "resources/preprocessed/Interpolated/Lukas_liegestuetzen2_13_10_2020_RightArm.csv".
preprocessed_segment.py: 133 segmentation points found in "resources/preprocessed/Interpolated/Andre_Squats_13_10_2020_LeftArm.csv".
preprocessed_segment.py: 50 segmentation points found in "resources/preprocessed/Interpolated/2020-07-02_14.14.32_Chest.csv".
preprocessed_segment.py: 56 segmentation points found in "resources/preprocessed/Interpolated/Jan_liegestuetzen2_13_10_2020_Chest.csv".
preprocessed_segment.py: 71 segmentation points found in "resources/preprocessed/Interpolated/2020-07-02_11.17.39_Chest.csv".
preprocessed_segment.py: 55 segmentation points found in "resources/preprocessed/Interpolated/Jan_liegestuetzen2_13_10_2020_RightArm.csv".
preprocessed_segment.py: 58 segmentation points found in "resources/preprocessed/Interpolated/2020-07-02_14.07.33_Chest.csv".
preprocessed_segment.py: 72 segmentation points found in "resources/preprocessed/Interpolated/2020-07-02_14.07.33_LeftArm.csv".
preprocessed_segment.py: 28 segmentation points found in "resources/preprocessed/Interpolated/Lukas_liegestuetzen3_13_10_2020_RightArm.csv".
preprocessed_segment.py: 80 segmentation points found in "resources/preprocessed/Interpolated/2020-07-02_15.13.22_Belly.csv".
preprocessed_segment.py: 62 segmentation points found in "resources/preprocessed/Interpolated/Lukas_liegestuetzen1_13_10_2020_LeftArm.csv".
preprocessed_segment.py: 260 segmentation points found in "resources/preprocessed/Interpolated/Andre_Squats2_13_10_2020_LeftArm.csv".
preprocessed_segment.py: 130 segmentation points found in "resources/preprocessed/Interpolated/Jan_liegestuetzen1_13_10_2020_Belly.csv".
preprocessed_segment.py: 44 segmentation points found in "resources/preprocessed/Interpolated/Andre_liegestuetzen3_13_10_2020_Chest.csv".
preprocessed_segment.py: 48 segmentation points found in "resources/preprocessed/Interpolated/2020-07-02_14.20.28_RightArm.csv".
preprocessed_segment.py: 82 segmentation points found in "resources/preprocessed/Interpolated/2020-07-02_12.50.00_Chest.csv".
preprocessed_segment.py: 91 segmentation points found in "resources/preprocessed/Interpolated/2020-07-02_15.31.36_RightArm.csv".
preprocessed_segment.py: 49 segmentation points found in "resources/preprocessed/Interpolated/Andre_liegestuetzen3_13_10_2020_LeftArm.csv".
preprocessed_segment.py: 144 segmentation points found in "resources/preprocessed/Interpolated/Andre_Squats_13_10_2020_Belly.csv".
preprocessed_segment.py: 127 segmentation points found in "resources/preprocessed/Interpolated/Andre_Squats_13_10_2020_Chest.csv".
preprocessed_segment.py: 65 segmentation points found in "resources/preprocessed/Interpolated/2020-07-02_14.14.32_LeftArm.csv".
preprocessed_segment.py: 58 segmentation points found in "resources/preprocessed/Interpolated/Lukas_liegestuetzen1_13_10_2020_Belly.csv".
preprocessed_segment.py: 254 segmentation points found in "resources/preprocessed/Interpolated/Andre_Squats2_13_10_2020_RightArm.csv".
preprocessed_segment.py: 74 segmentation points found in "resources/preprocessed/Interpolated/2020-07-02_11.17.39_Belly.csv".
preprocessed_segment.py: 56 segmentation points found in "resources/preprocessed/Interpolated/Andre_liegestuetzen2_13_10_2020_RightArm.csv".
preprocessed_segment.py: 48 segmentation points found in "resources/preprocessed/Interpolated/2020-07-02_14.20.28_LeftArm.csv".
